<?xml version="1.0" encoding="UTF-8"?>
<testsuite name="Login Test"
           tests="5"
           failures="0"
           errors="0"
           skipped="0"
           time="10.070">
  <properties />
  
  
            <testcase name="VerifyThatUserShouldBuildYouOwnComputerAndAddThemToCartSuccessfully" time="2.458" classname="com.nopcommerce.demo.testsuite.ComputerPageTest" />
                <testcase name="verifyUserShouldNavigateToComputerPageSuccessfully" time="0.555" classname="com.nopcommerce.demo.testsuite.ComputerPageTest" />
                <testcase name="verifyUserShouldNavigateToDesktopsPageSuccessfully" time="0.952" classname="com.nopcommerce.demo.testsuite.ComputerPageTest" />
                <testcase name="VerifyThatUserShouldBuildYouOwnComputerAndAddThemToCartSuccessfully" time="3.418" classname="com.nopcommerce.demo.testsuite.ComputerPageTest" />
                <testcase name="VerifyThatUserShouldBuildYouOwnComputerAndAddThemToCartSuccessfully" time="2.687" classname="com.nopcommerce.demo.testsuite.ComputerPageTest" />
      
</testsuite>
